Launching browser...
Opening Google Lens...
Waiting for upload button...
node:internal/process/promises:394
    triggerUncaughtException(err, true /* fromPromise */);
    ^

elementHandle.click: Timeout 30000ms exceeded.
Call log:
[2m  - attempting click action[22m
[2m    2 × waiting for element to be visible, enabled and stable[22m
[2m      - element is not visible[22m
[2m    - retrying click action[22m
[2m    - waiting 20ms[22m
[2m    2 × waiting for element to be visible, enabled and stable[22m
[2m      - element is not visible[22m
[2m    - retrying click action[22m
[2m      - waiting 100ms[22m
[2m    55 × waiting for element to be visible, enabled and stable[22m
[2m       - element is not visible[22m
[2m     - retrying click action[22m
[2m       - waiting 500ms[22m

    at /home/freeman/.openclaw/workspace/gengar-project/lens_playwright.js:30:28 {
  name: 'TimeoutError'
}

Node.js v22.22.0
